2024-10-19 02:06:15 Loading main app package /opt/obsidian/resources/obsidian.asar
2024-10-19 02:06:15 Checking for update using Github
2024-10-19 02:06:15 Success.
2024-10-19 02:06:15 Latest version is 1.7.4
2024-10-19 02:06:15 App is up to date.
2024-10-19 02:07:41 Loading main app package /opt/obsidian/resources/obsidian.asar
2024-10-19 02:07:41 Checking for update using Github
2024-10-19 02:07:42 Success.
2024-10-19 02:07:42 Latest version is 1.7.4
2024-10-19 02:07:42 App is up to date.
2024-10-19 02:08:32 Loading main app package /opt/obsidian/resources/obsidian.asar
2024-10-19 02:08:32 Checking for update using Github
2024-10-19 02:08:32 Success.
2024-10-19 02:08:32 Latest version is 1.7.4
2024-10-19 02:08:32 App is up to date.
2024-10-19 02:09:46 Loading main app package /opt/obsidian/resources/obsidian.asar
2024-10-19 02:09:46 Checking for update using Github
2024-10-19 02:09:46 Success.
2024-10-19 02:09:46 Latest version is 1.7.4
2024-10-19 02:09:46 App is up to date.
2024-10-19 02:10:15 Loading main app package /opt/obsidian/resources/obsidian.asar
2024-10-19 02:10:16 Checking for update using Github
2024-10-19 02:10:16 Success.
2024-10-19 02:10:16 Latest version is 1.7.4
2024-10-19 02:10:16 App is up to date.
2024-10-19 02:13:52 Loading main app package /opt/obsidian/resources/obsidian.asar
2024-10-19 02:13:52 Checking for update using Github
2024-10-19 02:13:52 Success.
2024-10-19 02:13:52 Latest version is 1.7.4
2024-10-19 02:13:52 App is up to date.
